<?xml version="1.0" encoding="utf-8"?><testsuites><testsuite name="pytest" errors="0" failures="1" skipped="0" tests="9" time="0.506" timestamp="2026-02-21T03:12:48.472371-06:00" hostname="Cleaves-MacBook-Pro-2.local"><testcase classname="tests.performance.test_benchmarks.TestPerformanceBenchmarks" name="test_rsi_calculation_performance" time="0.005" /><testcase classname="tests.performance.test_benchmarks.TestPerformanceBenchmarks" name="test_macd_calculation_performance" time="0.029" /><testcase classname="tests.performance.test_benchmarks.TestPerformanceBenchmarks" name="test_bollinger_bands_performance" time="0.001" /><testcase classname="tests.performance.test_benchmarks.TestPerformanceBenchmarks" name="test_complete_technical_analysis_performance" time="0.002"><failure message="assert 1.043487348153553 &lt;= 1&#10; +  where 1.043487348153553 = TechnicalIndicators(rsi=55.34029869584584, macd_line=3.19155342846625, macd_signal=-0.23376461941083174, macd_histogram=3.4253180478770817, bb_upper=4596.424919381276, bb_middle=4548.49759886796, bb_lower=4500.570278354644, bb_position=1.043487348153553).bb_position">tests/performance/test_benchmarks.py:111: in test_complete_technical_analysis_performance
    assert 0 &lt;= indicators.bb_position &lt;= 1
E   assert 1.043487348153553 &lt;= 1
E    +  where 1.043487348153553 = TechnicalIndicators(rsi=55.34029869584584, macd_line=3.19155342846625, macd_signal=-0.23376461941083174, macd_histogram=3.4253180478770817, bb_upper=4596.424919381276, bb_middle=4548.49759886796, bb_lower=4500.570278354644, bb_position=1.043487348153553).bb_position</failure></testcase><testcase classname="tests.performance.test_benchmarks.TestPerformanceBenchmarks" name="test_strategy_selection_performance" time="0.007" /><testcase classname="tests.performance.test_benchmarks.TestMemoryUsageBenchmarks" name="test_technical_analysis_memory_usage" time="0.020" /><testcase classname="tests.performance.test_benchmarks.TestMemoryUsageBenchmarks" name="test_options_data_memory_usage" time="0.018" /><testcase classname="tests.performance.test_benchmarks.TestConcurrencyAndStress" name="test_multiple_concurrent_analyses" time="0.043" /><testcase classname="tests.performance.test_benchmarks.TestConcurrencyAndStress" name="test_rapid_strategy_selections" time="0.006" /></testsuite></testsuites>