<?xml version="1.0" encoding="utf-8"?><testsuites><testsuite name="pytest" errors="0" failures="0" skipped="0" tests="7" time="0.099" timestamp="2026-02-21T03:14:39.281225-06:00" hostname="Cleaves-MacBook-Pro-2.local"><testcase classname="tests.performance.test_benchmarks.TestEdgeCaseHandling" name="test_empty_data_handling" time="0.002" /><testcase classname="tests.performance.test_benchmarks.TestEdgeCaseHandling" name="test_single_data_point_handling" time="0.001" /><testcase classname="tests.performance.test_benchmarks.TestEdgeCaseHandling" name="test_constant_price_handling" time="0.002" /><testcase classname="tests.performance.test_benchmarks.TestEdgeCaseHandling" name="test_extreme_price_movements" time="0.002" /><testcase classname="tests.performance.test_benchmarks.TestEdgeCaseHandling" name="test_nan_and_infinite_value_handling" time="0.002" /><testcase classname="tests.performance.test_benchmarks.TestEdgeCaseHandling" name="test_very_large_numbers" time="0.001" /><testcase classname="tests.performance.test_benchmarks.TestEdgeCaseHandling" name="test_very_small_numbers" time="0.001" /></testsuite></testsuites>