<?xml version="1.0" encoding="utf-8"?><testsuites><testsuite name="pytest" errors="0" failures="1" skipped="0" tests="11" time="0.179" timestamp="2026-02-21T03:19:55.679719-06:00" hostname="Cleaves-MacBook-Pro-2.local"><testcase classname="tests.integration.test_enhanced_backtesting.TestEnhancedBacktestingEngine" name="test_enhanced_backtest_single_day_success" time="0.008" /><testcase classname="tests.integration.test_enhanced_backtesting.TestEnhancedBacktestingEngine" name="test_enhanced_backtest_no_data_available" time="0.004" /><testcase classname="tests.integration.test_enhanced_backtesting.TestEnhancedBacktestingEngine" name="test_enhanced_backtest_no_spx_price" time="0.003" /><testcase classname="tests.integration.test_enhanced_backtesting.TestEnhancedBacktestingEngine" name="test_enhanced_backtest_no_viable_strikes" time="0.005" /><testcase classname="tests.integration.test_enhanced_backtesting.TestEnhancedBacktestingEngine" name="test_enhanced_backtest_strategy_build_failure" time="0.006" /><testcase classname="tests.integration.test_enhanced_backtesting.TestBacktestingWorkflow" name="test_technical_analysis_to_strategy_selection" time="0.002" /><testcase classname="tests.integration.test_enhanced_backtesting.TestBacktestingWorkflow" name="test_strategy_selection_to_strike_selection" time="0.004" /><testcase classname="tests.integration.test_enhanced_backtesting.TestBacktestingWorkflow" name="test_end_to_end_backtest_simulation" time="0.002"><failure message="ImportError: cannot import name 'OptionsLeg' from 'src.strategies.options_strategies' (/Users/cmasereka/Personal/Trading/spx-ai/src/strategies/options_strategies.py)">tests/integration/test_enhanced_backtesting.py:257: in test_end_to_end_backtest_simulation
    from src.strategies.options_strategies import OptionsStrategy, OptionsLeg, PositionSide
E   ImportError: cannot import name 'OptionsLeg' from 'src.strategies.options_strategies' (/Users/cmasereka/Personal/Trading/spx-ai/src/strategies/options_strategies.py)</failure></testcase><testcase classname="tests.integration.test_enhanced_backtesting.TestErrorHandlingAndRecovery" name="test_partial_data_availability" time="0.001" /><testcase classname="tests.integration.test_enhanced_backtesting.TestErrorHandlingAndRecovery" name="test_extreme_market_conditions_handling" time="0.002" /><testcase classname="tests.integration.test_enhanced_backtesting.TestErrorHandlingAndRecovery" name="test_concurrent_backtest_simulation" time="0.004" /></testsuite></testsuites>