<?xml version="1.0" encoding="utf-8"?><testsuites><testsuite name="pytest" errors="0" failures="0" skipped="0" tests="41" time="0.259" timestamp="2026-02-21T03:19:54.041167-06:00" hostname="Cleaves-MacBook-Pro-2.local"><testcase classname="tests.unit.test_delta_strike_selector.TestDeltaStrikeSelector" name="test_select_strikes_iron_condor_success" time="0.006" /><testcase classname="tests.unit.test_delta_strike_selector.TestDeltaStrikeSelector" name="test_select_strikes_put_spread_success" time="0.004" /><testcase classname="tests.unit.test_delta_strike_selector.TestDeltaStrikeSelector" name="test_select_strikes_call_spread_success" time="0.004" /><testcase classname="tests.unit.test_delta_strike_selector.TestDeltaStrikeSelector" name="test_select_strikes_no_spx_price" time="0.002" /><testcase classname="tests.unit.test_delta_strike_selector.TestDeltaStrikeSelector" name="test_select_strikes_no_options_data" time="0.002" /><testcase classname="tests.unit.test_delta_strike_selector.TestDeltaStrikeSelector" name="test_select_strikes_invalid_target_delta" time="0.004" /><testcase classname="tests.unit.test_delta_strike_selector.TestDeltaStrikeSelector" name="test_select_strikes_minimum_spread_width" time="0.003" /><testcase classname="tests.unit.test_delta_strike_selector.TestPositionMonitor" name="test_monitor_position_basic_functionality" time="0.030" /><testcase classname="tests.unit.test_delta_strike_selector.TestPositionMonitor" name="test_monitor_position_early_exit_decay" time="0.030" /><testcase classname="tests.unit.test_delta_strike_selector.TestPositionMonitor" name="test_monitor_position_held_to_expiration" time="0.029" /><testcase classname="tests.unit.test_delta_strike_selector.TestPositionMonitor" name="test_monitor_position_price_update_failure" time="0.028" /><testcase classname="tests.unit.test_delta_strike_selector.TestPositionMonitor" name="test_monitor_position_invalid_times" time="0.002" /><testcase classname="tests.unit.test_delta_strike_selector.TestStrikeSelectionDataclass" name="test_strike_selection_creation" time="0.000" /><testcase classname="tests.unit.test_delta_strike_selector.TestStrikeSelectionDataclass" name="test_strike_selection_validation" time="0.000" /><testcase classname="tests.unit.test_delta_strike_selector.TestDeltaSelectorEdgeCases" name="test_extreme_market_conditions" time="0.003" /><testcase classname="tests.unit.test_delta_strike_selector.TestDeltaSelectorEdgeCases" name="test_insufficient_strike_options" time="0.002" /><testcase classname="tests.unit.test_options_strategies.TestOptionLeg" name="test_option_leg_creation" time="0.000" /><testcase classname="tests.unit.test_options_strategies.TestOptionLeg" name="test_option_leg_simple_functionality" time="0.000" /><testcase classname="tests.unit.test_options_strategies.TestOptionLeg" name="test_option_leg_price_update" time="0.000" /><testcase classname="tests.unit.test_options_strategies.TestOptionsStrategy" name="test_options_strategy_creation" time="0.001" /><testcase classname="tests.unit.test_options_strategies.TestOptionsStrategy" name="test_calculate_net_credit" time="0.000" /><testcase classname="tests.unit.test_options_strategies.TestOptionsStrategy" name="test_strategy_with_price_updates" time="0.000" /><testcase classname="tests.unit.test_options_strategies.TestOptionsStrategyEdgeCases" name="test_zero_quantity_leg" time="0.000" /><testcase classname="tests.unit.test_options_strategies.TestOptionsStrategyEdgeCases" name="test_negative_prices" time="0.000" /><testcase classname="tests.unit.test_options_strategies.TestOptionsStrategyEdgeCases" name="test_extreme_price_movements" time="0.000" /><testcase classname="tests.unit.test_technical_analysis.TestTechnicalAnalyzer" name="test_calculate_rsi_valid_range" time="0.001" /><testcase classname="tests.unit.test_technical_analysis.TestTechnicalAnalyzer" name="test_calculate_rsi_trending_up" time="0.001" /><testcase classname="tests.unit.test_technical_analysis.TestTechnicalAnalyzer" name="test_calculate_rsi_trending_down" time="0.001" /><testcase classname="tests.unit.test_technical_analysis.TestTechnicalAnalyzer" name="test_calculate_rsi_insufficient_data" time="0.001" /><testcase classname="tests.unit.test_technical_analysis.TestTechnicalAnalyzer" name="test_calculate_macd_returns_tuple" time="0.001" /><testcase classname="tests.unit.test_technical_analysis.TestTechnicalAnalyzer" name="test_calculate_bollinger_bands" time="0.001" /><testcase classname="tests.unit.test_technical_analysis.TestTechnicalAnalyzer" name="test_analyze_market_conditions_complete" time="0.002" /><testcase classname="tests.unit.test_technical_analysis.TestTechnicalAnalyzer" name="test_analyze_market_conditions_insufficient_data" time="0.000" /><testcase classname="tests.unit.test_technical_analysis.TestStrategySelector" name="test_select_strategy_neutral_market" time="0.000" /><testcase classname="tests.unit.test_technical_analysis.TestStrategySelector" name="test_select_strategy_bullish_market" time="0.000" /><testcase classname="tests.unit.test_technical_analysis.TestStrategySelector" name="test_select_strategy_bearish_market" time="0.000" /><testcase classname="tests.unit.test_technical_analysis.TestStrategySelector" name="test_select_strategy_mixed_signals" time="0.000" /><testcase classname="tests.unit.test_technical_analysis.TestTechnicalIndicatorEdgeCases" name="test_empty_price_series" time="0.001" /><testcase classname="tests.unit.test_technical_analysis.TestTechnicalIndicatorEdgeCases" name="test_constant_prices" time="0.001" /><testcase classname="tests.unit.test_technical_analysis.TestTechnicalIndicatorEdgeCases" name="test_extreme_volatility" time="0.001" /><testcase classname="tests.unit.test_technical_analysis.TestTechnicalIndicatorEdgeCases" name="test_nan_in_price_series" time="0.002" /></testsuite></testsuites>