<?xml version="1.0" encoding="utf-8"?><testsuites><testsuite name="pytest" errors="0" failures="2" skipped="0" tests="11" time="0.181" timestamp="2026-02-21T03:16:39.298676-06:00" hostname="Cleaves-MacBook-Pro-2.local"><testcase classname="tests.integration.test_enhanced_backtesting.TestEnhancedBacktestingEngine" name="test_enhanced_backtest_single_day_success" time="0.008" /><testcase classname="tests.integration.test_enhanced_backtesting.TestEnhancedBacktestingEngine" name="test_enhanced_backtest_no_data_available" time="0.004" /><testcase classname="tests.integration.test_enhanced_backtesting.TestEnhancedBacktestingEngine" name="test_enhanced_backtest_no_spx_price" time="0.003" /><testcase classname="tests.integration.test_enhanced_backtesting.TestEnhancedBacktestingEngine" name="test_enhanced_backtest_no_viable_strikes" time="0.005" /><testcase classname="tests.integration.test_enhanced_backtesting.TestEnhancedBacktestingEngine" name="test_enhanced_backtest_strategy_build_failure" time="0.006" /><testcase classname="tests.integration.test_enhanced_backtesting.TestBacktestingWorkflow" name="test_technical_analysis_to_strategy_selection" time="0.002"><failure message="AssertionError: assert &lt;StrategyType.PUT_SPREAD: 'Put Spread'&gt; in [&lt;StrategyType.IRON_CONDOR: 'Iron Condor'&gt;, &lt;StrategyType.CALL_SPREAD: 'Call Spread'&gt;]&#10; +  where &lt;StrategyType.PUT_SPREAD: 'Put Spread'&gt; = StrategySelection(strategy_type=&lt;StrategyType.PUT_SPREAD: 'Put Spread'&gt;, market_signal=&lt;MarketSignal.BEARISH: 'Bearish'&gt;, confidence=0.6666666666666666, reason='Bearish market (RSI:100.0, BB_pos:0.90)').strategy_type">tests/integration/test_enhanced_backtesting.py:198: in test_technical_analysis_to_strategy_selection
    assert selection.strategy_type in [StrategyType.IRON_CONDOR, StrategyType.CALL_SPREAD]
E   AssertionError: assert &lt;StrategyType.PUT_SPREAD: 'Put Spread'&gt; in [&lt;StrategyType.IRON_CONDOR: 'Iron Condor'&gt;, &lt;StrategyType.CALL_SPREAD: 'Call Spread'&gt;]
E    +  where &lt;StrategyType.PUT_SPREAD: 'Put Spread'&gt; = StrategySelection(strategy_type=&lt;StrategyType.PUT_SPREAD: 'Put Spread'&gt;, market_signal=&lt;MarketSignal.BEARISH: 'Bearish'&gt;, confidence=0.6666666666666666, reason='Bearish market (RSI:100.0, BB_pos:0.90)').strategy_type</failure></testcase><testcase classname="tests.integration.test_enhanced_backtesting.TestBacktestingWorkflow" name="test_strategy_selection_to_strike_selection" time="0.004" /><testcase classname="tests.integration.test_enhanced_backtesting.TestBacktestingWorkflow" name="test_end_to_end_backtest_simulation" time="0.000"><failure message="NameError: name 'TechnicalAnalyzer' is not defined">tests/integration/test_enhanced_backtesting.py:238: in test_end_to_end_backtest_simulation
    analyzer = TechnicalAnalyzer()
E   NameError: name 'TechnicalAnalyzer' is not defined</failure></testcase><testcase classname="tests.integration.test_enhanced_backtesting.TestErrorHandlingAndRecovery" name="test_partial_data_availability" time="0.001" /><testcase classname="tests.integration.test_enhanced_backtesting.TestErrorHandlingAndRecovery" name="test_extreme_market_conditions_handling" time="0.002" /><testcase classname="tests.integration.test_enhanced_backtesting.TestErrorHandlingAndRecovery" name="test_concurrent_backtest_simulation" time="0.004" /></testsuite></testsuites>