<?xml version="1.0" encoding="utf-8"?><testsuites><testsuite name="pytest" errors="0" failures="0" skipped="0" tests="9" time="0.213" timestamp="2026-02-21T03:16:40.856039-06:00" hostname="Cleaves-MacBook-Pro-2.local"><testcase classname="tests.performance.test_benchmarks.TestPerformanceBenchmarks" name="test_rsi_calculation_performance" time="0.004" /><testcase classname="tests.performance.test_benchmarks.TestPerformanceBenchmarks" name="test_macd_calculation_performance" time="0.043" /><testcase classname="tests.performance.test_benchmarks.TestPerformanceBenchmarks" name="test_bollinger_bands_performance" time="0.001" /><testcase classname="tests.performance.test_benchmarks.TestPerformanceBenchmarks" name="test_complete_technical_analysis_performance" time="0.002" /><testcase classname="tests.performance.test_benchmarks.TestPerformanceBenchmarks" name="test_strategy_selection_performance" time="0.007" /><testcase classname="tests.performance.test_benchmarks.TestMemoryUsageBenchmarks" name="test_technical_analysis_memory_usage" time="0.021" /><testcase classname="tests.performance.test_benchmarks.TestMemoryUsageBenchmarks" name="test_options_data_memory_usage" time="0.018" /><testcase classname="tests.performance.test_benchmarks.TestConcurrencyAndStress" name="test_multiple_concurrent_analyses" time="0.041" /><testcase classname="tests.performance.test_benchmarks.TestConcurrencyAndStress" name="test_rapid_strategy_selections" time="0.019" /></testsuite></testsuites>